03-15-2016 16:26:37 - up: American Samoa
03-15-2016 16:27:55 - up: Ohio
03-15-2016 16:28:03 - up: Arkansas
03-15-2016 16:28:11 - up: Guam
03-15-2016 16:28:12 - down: Michigan
03-15-2016 16:28:20 - up: Connecticut
03-15-2016 16:28:25 - up: Georgia
03-15-2016 16:28:29 - up: Utah
03-15-2016 16:28:30 - up: Delaware
03-15-2016 16:28:34 - up: Rhode Island
03-15-2016 16:28:43 - up: Puerto Rico
03-15-2016 16:28:49 - up: Virginia
03-15-2016 16:28:50 - down: Minnesota
03-15-2016 16:28:56 - up: North Carolina
03-15-2016 16:29:03 - up: Wyoming
03-15-2016 16:29:06 - up: Massachusetts
03-15-2016 16:29:10 - up: Connecticut
03-15-2016 16:29:16 - up: Tennessee
03-15-2016 16:29:18 - up: Kansas
03-15-2016 16:29:24 - up: Kansas
03-15-2016 16:29:30 - up: Rhode Island
03-15-2016 16:29:36 - up: Indiana
03-15-2016 16:29:38 - up: Wisconsin
03-15-2016 16:29:47 - up: Vermont
03-15-2016 16:29:51 - down: Guam
03-15-2016 16:29:53 - up: District of Columbia
03-15-2016 16:29:58 - up: Alaska
03-15-2016 16:30:03 - up: North Carolina
03-15-2016 16:30:05 - up: Delaware
03-15-2016 16:30:11 - up: Oklahoma
03-15-2016 16:30:18 - up: American Samoa
03-15-2016 16:30:26 - up: South Carolina
03-15-2016 16:30:29 - up: Kansas
03-15-2016 16:30:30 - up: Florida
03-15-2016 16:30:38 - up: Connecticut
03-15-2016 16:30:45 - up: South Dakota
03-15-2016 16:30:52 - up: Ohio
03-15-2016 16:31:00 - up: Indiana
03-15-2016 16:31:08 - up: Washington
03-15-2016 16:31:11 - up: Nevada
03-15-2016 16:31:16 - up: Hawaii
03-15-2016 16:31:21 - up: Northern Mariana Islands
03-15-2016 16:31:22 - up: Massachusetts
03-15-2016 16:31:24 - up: Illinois
03-15-2016 16:31:27 - up: Virginia
03-15-2016 16:31:35 - up: Illinois
03-15-2016 16:31:40 - up: Minnesota
03-15-2016 16:31:48 - up: Tennessee
03-15-2016 16:31:48 - up: Michigan
03-15-2016 16:31:55 - up: West Virginia
03-15-2016 16:31:57 - up: Wyoming
03-15-2016 16:31:59 - up: Missouri
03-15-2016 16:32:07 - up: Maine
03-15-2016 16:32:07 - up: Iowa
03-15-2016 16:32:07 - down: Arizona
03-15-2016 16:32:16 - up: Washington
03-15-2016 16:32:19 - up: Mississippi
03-15-2016 16:32:22 - up: New Hampshire
03-15-2016 16:32:22 - down: Virginia
03-15-2016 16:32:27 - up: Connecticut
03-15-2016 16:32:31 - up: Vermont
03-15-2016 16:32:32 - up: Pennsylvania
03-15-2016 16:32:34 - up: Oklahoma
03-15-2016 16:32:34 - up: North Dakota
03-15-2016 16:32:39 - up: Hawaii
03-15-2016 16:32:47 - up: South Dakota
03-15-2016 16:32:49 - up: Alaska
03-15-2016 16:32:52 - up: American Samoa
03-15-2016 16:33:01 - up: Alabama
03-15-2016 16:33:03 - up: Delaware
03-15-2016 16:33:11 - up: Massachusetts
03-15-2016 16:33:17 - up: Massachusetts
03-15-2016 16:33:23 - up: Texas
03-15-2016 16:33:28 - up: West Virginia
03-15-2016 16:33:30 - up: Kentucky
03-15-2016 16:33:30 - up: South Carolina
03-15-2016 16:33:33 - up: Illinois
03-15-2016 16:33:37 - up: Arkansas
03-15-2016 16:33:43 - up: Rhode Island
03-15-2016 16:33:45 - up: Louisiana
03-15-2016 16:33:45 - up: Wyoming
03-15-2016 16:33:45 - up: Mississippi
03-15-2016 16:33:53 - down: Arizona
03-15-2016 16:33:59 - up: Vermont
03-15-2016 16:34:04 - up: Maryland
03-15-2016 16:34:12 - up: Massachusetts
03-15-2016 16:34:13 - up: Rhode Island
03-15-2016 16:34:13 - up: Connecticut
03-15-2016 16:34:21 - up: North Dakota
03-15-2016 16:34:24 - up: Iowa
03-15-2016 16:34:33 - up: Arkansas
03-15-2016 16:34:34 - up: Oklahoma
03-15-2016 16:34:38 - up: Arizona
03-15-2016 16:34:42 - up: California
03-15-2016 16:34:51 - up: Missouri
03-15-2016 16:34:51 - up: Missouri
03-15-2016 16:34:52 - down: Idaho
03-15-2016 16:34:54 - up: South Carolina
03-15-2016 16:35:02 - up: Wisconsin
03-15-2016 16:35:03 - up: North Dakota
03-15-2016 16:35:12 - up: Vermont
